#
# There is insufficient memory for the Java Runtime Environment to continue.
# Native memory allocation (mmap) failed to map 257949696 bytes for G1 virtual space
# Possible reasons:
#   The system is out of physical RAM or swap space
#   The process is running with CompressedOops enabled, and the Java Heap may be blocking the growth of the native heap
# Possible solutions:
#   Reduce memory load on the system
#   Increase physical memory or swap space
#   Check if swap backing store is full
#   Decrease Java heap size (-Xmx/-Xms)
#   Decrease number of Java threads
#   Decrease Java thread stack sizes (-Xss)
#   Set larger code cache with -XX:ReservedCodeCacheSize=
#   JVM is running with Zero Based Compressed Oops mode in which the Java heap is
#     placed in the first 32GB address space. The Java Heap base address is the
#     maximum limit for the native heap growth. Please use -XX:HeapBaseMinAddress
#     to set the Java Heap base and to place the Java Heap above 32GB virtual address.
# This output file may be truncated or incomplete.
#
#  Out of Memory Error (os_windows.cpp:3760), pid=22072, tid=23292
#
# JRE version:  (17.0.5+1) (build )
# Java VM: OpenJDK 64-Bit Server VM (17.0.5+1-b653.23, mixed mode, sharing, tiered, compressed oops, compressed class ptrs, g1 gc, windows-amd64)
# No core dump will be written. Minidumps are not enabled by default on client versions of Windows
#

---------------  S U M M A R Y ------------

Command Line: git4idea.http.GitAskPassApp Username for 'https://github.com': 

Host: AMD Ryzen 7 PRO 5850U with Radeon Graphics     , 16 cores, 15G,  Windows 10 , 64 bit Build 19041 (10.0.19041.1023)
Time: Tue Jan 10 08:30:39 2023 RTZ 2 (s 10 , 64 bit Build 19041 (10.0.19041.1023) elapsed time: 0.012124 seconds (0d 0h 0m 0s)

---------------  T H R E A D  ---------------

Current thread (0x0000017a2cd3e710):  JavaThread "Unknown thread" [_thread_in_vm, id=23292, stack(0x0000003990900000,0x0000003990a00000)]

Stack: [0x0000003990900000,0x0000003990a00000]
Native frames: (J=compiled Java code, j=interpreted, Vv=VM code, C=native code)
V  [jvm.dll+0x6830ca]
V  [jvm.dll+0x83f4c4]
V  [jvm.dll+0x840c6e]
V  [jvm.dll+0x8412d3]
V  [jvm.dll+0x2490b5]
V  [jvm.dll+0x67ff99]
V  [jvm.dll+0x6744aa]
V  [jvm.dll+0x308f2b]
V  [jvm.dll+0x3103e6]
V  [jvm.dll+0x36013e]
V  [jvm.dll+0x36036f]
V  [jvm.dll+0x2df018]
V  [jvm.dll+0x2dff84]
V  [jvm.dll+0x810d91]
V  [jvm.dll+0x36df31]
V  [jvm.dll+0x7f028c]
V  [jvm.dll+0x3f0cbf]
V  [jvm.dll+0x3f2801]
C  [jli.dll+0x526b]
C  [ucrtbase.dll+0x21bb2]
C  [KERNEL32.DLL+0x17034]
C  [ntdll.dll+0x52651]


---------------  P R O C E S S  ---------------

Threads class SMR info:
_java_thread_list=0x00007ffc48408f98, length=0, elements={
}

Java Threads: ( => current thread )

Other Threads:
  0x0000017a4b2dfab0 GCTaskThread "GC Thread#0" [stack: 0x0000003990a00000,0x0000003990b00000] [id=21408]
  0x0000017a2f0d93f0 ConcurrentGCThread "G1 Main Marker" [stack: 0x0000003990b00000,0x0000003990c00000] [id=15192]
  0x0000017a2f119010 ConcurrentGCThread "G1 Conc#0" [stack: 0x0000003990c00000,0x0000003990d00000] [id=21864]

[error occurred during error reporting (printing all threads), id 0xc0000005, EXCEPTION_ACCESS_VIOLATION (0xc0000005) at pc=0x00007ffc47bbfbd7]

VM state: not at safepoint (not fully initialized)

VM Mutex/Monitor currently owned by a thread:  ([mutex/lock_event])
[0x0000017a2cd3c360] Heap_lock - owner thread: 0x0000017a2cd3e710

Heap address: 0x000000070ae00000, size: 3922 MB, Compressed Oops mode: Zero based, Oop shift amount: 3

CDS archive(s) mapped at: [0x0000000000000000-0x0000000000000000-0x0000000000000000), size 0, SharedBaseAddress: 0x0000000800000000, ArchiveRelocationMode: 0.
Narrow klass base: 0x0000000000000000, Narrow klass shift: 0, Narrow klass range: 0x0

GC Precious Log:
<Empty>

Heap:
 garbage-first heap   total 0K, used 0K [0x000000070ae00000, 0x0000000800000000)
  region size 2048K, 0 young (0K), 0 survivors (0K)

[error occurred during error reporting (printing heap information), id 0xc0000005, EXCEPTION_ACCESS_VIOLATION (0xc0000005) at pc=0x00007ffc47facd59]

GC Heap History (0 events):
No events

Dll operation events (1 events):
Event: 0.009 Loaded shared library E:\Users\petrov_fv\AppData\Local\JetBrains\IntelliJ IDEA 2022.3.1\jbr\bin\java.dll

Deoptimization events (0 events):
No events

Classes unloaded (0 events):
No events

Classes redefined (0 events):
No events

Internal exceptions (0 events):
No events

VM Operations (0 events):
No events

Events (0 events):
No events


Dynamic libraries:
0x00007ff6f3d50000 - 0x00007ff6f3d5a000 	E:\Users\petrov_fv\AppData\Local\JetBrains\IntelliJ IDEA 2022.3.1\jbr\bin\java.exe
0x00007ffcc7d90000 - 0x00007ffcc7f85000 	C:\Windows\SYSTEM32\ntdll.dll
0x00007ffcc5e90000 - 0x00007ffcc5f4d000 	C:\Windows\System32\KERNEL32.DLL
0x00007ffcc5680000 - 0x00007ffcc5949000 	C:\Windows\System32\KERNELBASE.dll
0x00007ffcc5550000 - 0x00007ffcc5650000 	C:\Windows\System32\ucrtbase.dll
0x00007ffc77b90000 - 0x00007ffc77ba7000 	E:\Users\petrov_fv\AppData\Local\JetBrains\IntelliJ IDEA 2022.3.1\jbr\bin\jli.dll
0x00007ffcbcea0000 - 0x00007ffcbcebb000 	E:\Users\petrov_fv\AppData\Local\JetBrains\IntelliJ IDEA 2022.3.1\jbr\bin\VCRUNTIME140.dll
0x00007ffcc6eb0000 - 0x00007ffcc7050000 	C:\Windows\System32\USER32.dll
0x00007ffcc5650000 - 0x00007ffcc5672000 	C:\Windows\System32\win32u.dll
0x00007ffcc5f60000 - 0x00007ffcc5f8a000 	C:\Windows\System32\GDI32.dll
0x00007ffcc4890000 - 0x00007ffcc4b2a000 	C:\Windows\WinSxS\amd64_microsoft.windows.common-controls_6595b64144ccf1df_6.0.19041.1052_none_60b8f8fd71f5e8cb\COMCTL32.dll
0x00007ffcc59e0000 - 0x00007ffcc5aeb000 	C:\Windows\System32\gdi32full.dll
0x00007ffcc6560000 - 0x00007ffcc65fe000 	C:\Windows\System32\msvcrt.dll
0x00007ffcc5ba0000 - 0x00007ffcc5c3d000 	C:\Windows\System32\msvcp_win.dll
0x00007ffcc7cf0000 - 0x00007ffcc7d20000 	C:\Windows\System32\IMM32.DLL
0x00007ffc8c190000 - 0x00007ffc8c65e000 	C:\Windows\system32\iwprn.dll
0x00007ffca2a30000 - 0x00007ffca2abe000 	C:\Windows\SYSTEM32\WINSPOOL.DRV
0x00007ffca5910000 - 0x00007ffca5919000 	C:\Windows\SYSTEM32\WSOCK32.dll
0x00007ffcc64e0000 - 0x00007ffcc654b000 	C:\Windows\System32\WS2_32.dll
0x00007ffcc7050000 - 0x00007ffcc717a000 	C:\Windows\System32\RPCRT4.dll
0x00007ffcc5dd0000 - 0x00007ffcc5e7c000 	C:\Windows\System32\ADVAPI32.dll
0x00007ffcc5f90000 - 0x00007ffcc602b000 	C:\Windows\System32\sechost.dll
0x00007ffcc29f0000 - 0x00007ffcc29fa000 	C:\Windows\SYSTEM32\Version.dll
0x00007ffcc3600000 - 0x00007ffcc3612000 	C:\Windows\SYSTEM32\kernel.appcore.dll
0x00007ffcbe260000 - 0x00007ffcbe26c000 	E:\Users\petrov_fv\AppData\Local\JetBrains\IntelliJ IDEA 2022.3.1\jbr\bin\vcruntime140_1.dll
0x00007ffcbcb10000 - 0x00007ffcbcb9d000 	E:\Users\petrov_fv\AppData\Local\JetBrains\IntelliJ IDEA 2022.3.1\jbr\bin\msvcp140.dll
0x00007ffc478d0000 - 0x00007ffc4853b000 	E:\Users\petrov_fv\AppData\Local\JetBrains\IntelliJ IDEA 2022.3.1\jbr\bin\server\jvm.dll
0x00007ffcb7a70000 - 0x00007ffcb7a97000 	C:\Windows\SYSTEM32\WINMM.dll
0x00007ffc99000000 - 0x00007ffc9900a000 	E:\Users\petrov_fv\AppData\Local\JetBrains\IntelliJ IDEA 2022.3.1\jbr\bin\jimage.dll
0x00007ffcc4eb0000 - 0x00007ffcc5094000 	C:\Windows\SYSTEM32\DBGHELP.DLL
0x00007ffcc4e00000 - 0x00007ffcc4e2c000 	C:\Windows\SYSTEM32\dbgcore.DLL
0x00007ffcc5950000 - 0x00007ffcc59d3000 	C:\Windows\System32\bcryptPrimitives.dll
0x00007ffc7be40000 - 0x00007ffc7be65000 	E:\Users\petrov_fv\AppData\Local\JetBrains\IntelliJ IDEA 2022.3.1\jbr\bin\java.dll

dbghelp: loaded successfully - version: 4.0.5 - missing functions: none
symbol engine: initialized successfully - sym options: 0x614 - pdb path: .;E:\Users\petrov_fv\AppData\Local\JetBrains\IntelliJ IDEA 2022.3.1\jbr\bin;C:\Windows\SYSTEM32;C:\Windows\WinSxS\amd64_microsoft.windows.common-controls_6595b64144ccf1df_6.0.19041.1052_none_60b8f8fd71f5e8cb;E:\Users\petrov_fv\AppData\Local\JetBrains\IntelliJ IDEA 2022.3.1\jbr\bin\server

VM Arguments:
java_command: git4idea.http.GitAskPassApp Username for 'https://github.com': 
java_class_path (initial): E:/Users/petrov_fv/AppData/Local/JetBrains/IntelliJ IDEA 2022.3.1/plugins/vcs-git/lib/git4idea-rt.jar;E:/Users/petrov_fv/AppData/Local/JetBrains/IntelliJ IDEA 2022.3.1/lib/externalProcess-rt.jar;E:/Users/petrov_fv/AppData/Local/JetBrains/IntelliJ IDEA 2022.3.1/lib/app.jar;E:/Users/petrov_fv/AppData/Local/JetBrains/IntelliJ IDEA 2022.3.1/lib/3rd-party-rt.jar
Launcher Type: SUN_STANDARD

[Global flags]
     intx CICompilerCount                          = 12                                        {product} {ergonomic}
     uint ConcGCThreads                            = 3                                         {product} {ergonomic}
     uint G1ConcRefinementThreads                  = 13                                        {product} {ergonomic}
   size_t G1HeapRegionSize                         = 2097152                                   {product} {ergonomic}
    uintx GCDrainStackTargetSize                   = 64                                        {product} {ergonomic}
   size_t InitialHeapSize                          = 257949696                                 {product} {ergonomic}
   size_t MarkStackSize                            = 4194304                                   {product} {ergonomic}
   size_t MaxHeapSize                              = 4112515072                                {product} {ergonomic}
   size_t MinHeapDeltaBytes                        = 2097152                                   {product} {ergonomic}
   size_t MinHeapSize                              = 8388608                                   {product} {ergonomic}
    uintx NonNMethodCodeHeapSize                   = 7602480                                {pd product} {ergonomic}
    uintx NonProfiledCodeHeapSize                  = 122027880                              {pd product} {ergonomic}
    uintx ProfiledCodeHeapSize                     = 122027880                              {pd product} {ergonomic}
    uintx ReservedCodeCacheSize                    = 251658240                              {pd product} {ergonomic}
     bool SegmentedCodeCache                       = true                                      {product} {ergonomic}
   size_t SoftMaxHeapSize                          = 4112515072                             {manageable} {ergonomic}
     bool UseCompressedClassPointers               = true                           {product lp64_product} {ergonomic}
     bool UseCompressedOops                        = true                           {product lp64_product} {ergonomic}
     bool UseG1GC                                  = true                                      {product} {ergonomic}
     bool UseLargePagesIndividualAllocation        = false                                  {pd product} {ergonomic}

Logging:
Log output configuration:
 #0: stdout all=warning uptime,level,tags
 #1: stderr all=off uptime,level,tags

Environment Variables:
PATH=C:\Program Files\Git\mingw64\libexec\git-core;C:\Program Files\Git\mingw64\libexec\git-core;C:\Program Files\Git\mingw64\bin;C:\Program Files\Git\usr\bin;E:\Users\petrov_fv\bin;C:\Program Files (x86)\Python39-32\Scripts;C:\Program Files (x86)\Python39-32;C:\Program Files\Python310\Scripts;C:\Program Files\Python310;E:\Python376\Scripts;E:\Python376;C:\Program Files\Python39\Scripts;C:\Program Files\Python39;E:\Informatica\10.5\clients\tools\datadirect;C:\ProgramData\DockerDesktop\version-bin;C:\Program Files\Docker\Docker\Resources\bin;C:\Informatica\10.2.0\clients\tools\datadirect;C:\Program Files\Teradata\Client\16.20\bin;C:\Program Files (x86)\Teradata\Client\16.20\bin;C:\Program Files (x86)\Common Files\Oracle\Java\javapath;E:\Oracle\Client;C:\Windows\system32;C:\Windows;C:\Windows\System32\Wbem;C:\Windows\System32\WindowsPowerShell\v1.0;C:\Windows\System32\OpenSSH;C:\Program Files (x86)\Kaspersky Lab\Kaspersky Endpoint Security for Windows;C:\Program Files\PuTTY;C:\Program Files\TortoiseSVN\bin;C:\Program Files\TortoiseGit\bin;C:\Program Files\Git\cmd;E:\Users\petrov_fv\AppData\Local\Microsoft\WindowsApps;E:\Users\petrov_fv\AppData\Local\JetBrains\PyCharm Community Edition 2018.3.7\bin;E:\Users\petrov_fv\AppData\Local\Programs\Python\Python38-32;E:\Users\petrov_fv\AppData\Local\Programs\Git\cmd;E:\Users\petrov_fv\AppData\Local\JetBrains\IntelliJ IDEA 2022.3.1\bin
USERNAME=petrov_fv
DISPLAY=:0.0
LC_ALL=en_US.UTF-8
TERM=cygwin
TMPDIR=e:/Users/petrov_fv/AppData/Local/Temp
OS=Windows_NT
PROCESSOR_IDENTIFIER=AMD64 Family 25 Model 80 Stepping 0, AuthenticAMD
TMP=e:\Users\petrov_fv\AppData\Local\Temp
TEMP=e:\Users\petrov_fv\AppData\Local\Temp



---------------  S Y S T E M  ---------------

OS:
 Windows 10 , 64 bit Build 19041 (10.0.19041.1023)
OS uptime: 0 days 5:31 hours

CPU: total 16 (initial active 16) (16 cores per cpu, 2 threads per core) family 25 model 80 stepping 0 microcode 0x0, cx8, cmov, fxsr, ht, mmx, 3dnowpref, sse, sse2, sse3, ssse3, sse4a, sse4.1, sse4.2, popcnt, lzcnt, tsc, tscinvbit, avx, avx2, aes, erms, clmul, bmi1, bmi2, adx, sha, fma, vzeroupper, clflush, clflushopt

Memory: 4k page, system-wide physical 15681M (2228M free)
TotalPageFile size 17729M (AvailPageFile size 94M)
current process WorkingSet (physical memory assigned to process): 14M, peak: 14M
current process commit charge ("private bytes"): 71M, peak: 317M

vm_info: OpenJDK 64-Bit Server VM (17.0.5+1-b653.23) for windows-amd64 JRE (17.0.5+1-b653.23), built on 2022-12-12 by "builduser" with MS VC++ 16.10 / 16.11 (VS2019)

END.
