#
# There is insufficient memory for the Java Runtime Environment to continue.
# Native memory allocation (mmap) failed to map 257949696 bytes for G1 virtual space
# Possible reasons:
#   The system is out of physical RAM or swap space
#   The process is running with CompressedOops enabled, and the Java Heap may be blocking the growth of the native heap
# Possible solutions:
#   Reduce memory load on the system
#   Increase physical memory or swap space
#   Check if swap backing store is full
#   Decrease Java heap size (-Xmx/-Xms)
#   Decrease number of Java threads
#   Decrease Java thread stack sizes (-Xss)
#   Set larger code cache with -XX:ReservedCodeCacheSize=
#   JVM is running with Zero Based Compressed Oops mode in which the Java heap is
#     placed in the first 32GB address space. The Java Heap base address is the
#     maximum limit for the native heap growth. Please use -XX:HeapBaseMinAddress
#     to set the Java Heap base and to place the Java Heap above 32GB virtual address.
# This output file may be truncated or incomplete.
#
#  Out of Memory Error (os_windows.cpp:3527), pid=24292, tid=21652
#
# JRE version:  (19.0.1+10) (build )
# Java VM: OpenJDK 64-Bit Server VM (19.0.1+10-21, mixed mode, sharing, tiered, compressed oops, compressed class ptrs, g1 gc, windows-amd64)
# No core dump will be written. Minidumps are not enabled by default on client versions of Windows
#

---------------  S U M M A R Y ------------

Command Line: -ea -Didea.test.cyclic.buffer.size=1048576 -javaagent:E:\Users\petrov_fv\AppData\Local\JetBrains\IntelliJ IDEA 2022.3.1\lib\idea_rt.jar=59146:E:\Users\petrov_fv\AppData\Local\JetBrains\IntelliJ IDEA 2022.3.1\bin -Dfile.encoding=UTF-8 -Dsun.stdout.encoding=UTF-8 -Dsun.stderr.encoding=UTF-8 com.intellij.rt.junit.JUnitStarter -ideVersion5 -junit4 Sonalake.SonalakeTest,checkFirstCalculationTest

Host: AMD Ryzen 7 PRO 5850U with Radeon Graphics     , 16 cores, 15G,  Windows 10 , 64 bit Build 19041 (10.0.19041.1023)
Time: Tue Jan 10 08:29:47 2023 RTZ 2 (s 10 , 64 bit Build 19041 (10.0.19041.1023) elapsed time: 0.012661 seconds (0d 0h 0m 0s)

---------------  T H R E A D  ---------------

Current thread (0x000001e83b70b5c0):  JavaThread "Unknown thread" [_thread_in_vm, id=21652, stack(0x000000a0f9b00000,0x000000a0f9c00000)]

Stack: [0x000000a0f9b00000,0x000000a0f9c00000]
Native frames: (J=compiled Java code, j=interpreted, Vv=VM code, C=native code)
V  [jvm.dll+0x6ee8fa]
V  [jvm.dll+0x857a1e]
V  [jvm.dll+0x85940e]
V  [jvm.dll+0x859ac3]
V  [jvm.dll+0x28291f]
V  [jvm.dll+0x6eb6e9]
V  [jvm.dll+0x6e028a]
V  [jvm.dll+0x357136]
V  [jvm.dll+0x35eb96]
V  [jvm.dll+0x3b555e]
V  [jvm.dll+0x3b578f]
V  [jvm.dll+0x32c6ea]
V  [jvm.dll+0x32d59e]
V  [jvm.dll+0x821b20]
V  [jvm.dll+0x3c27c1]
V  [jvm.dll+0x8022f1]
V  [jvm.dll+0x44b30f]
V  [jvm.dll+0x44cc91]
C  [jli.dll+0x5287]
C  [ucrtbase.dll+0x21bb2]
C  [KERNEL32.DLL+0x17034]
C  [ntdll.dll+0x52651]


---------------  P R O C E S S  ---------------

Threads class SMR info:
_java_thread_list=0x00007ffc8e2cd048, length=0, elements={
}

Java Threads: ( => current thread )

Other Threads:
  0x000001e83b7792c0 WorkerThread "GC Thread#0" [stack: 0x000000a0f9c00000,0x000000a0f9d00000] [id=22860]
  0x000001e83b786a90 ConcurrentGCThread "G1 Main Marker" [stack: 0x000000a0f9d00000,0x000000a0f9e00000] [id=17320]
  0x000001e83963e850 WorkerThread "G1 Conc#0" [stack: 0x000000a0f9e00000,0x000000a0f9f00000] [id=21784]

[error occurred during error reporting (printing all threads), id 0xc0000005, EXCEPTION_ACCESS_VIOLATION (0xc0000005) at pc=0x00007ffc8da8d127]

VM state: not at safepoint (not fully initialized)

VM Mutex/Monitor currently owned by a thread:  ([mutex/lock_event])
[0x000001e83b708190] Heap_lock - owner thread: 0x000001e83b70b5c0

Heap address: 0x000000070ae00000, size: 3922 MB, Compressed Oops mode: Zero based, Oop shift amount: 3

CDS archive(s) mapped at: [0x0000000000000000-0x0000000000000000-0x0000000000000000), size 0, SharedBaseAddress: 0x0000000800000000, ArchiveRelocationMode: 0.
Narrow klass base: 0x0000000000000000, Narrow klass shift: 0, Narrow klass range: 0x0

GC Precious Log:
 CardTable entry size: 512
 Card Set container configuration: InlinePtr #cards 4 size 8 Array Of Cards #cards 16 size 48 Howl #buckets 8 coarsen threshold 3686 Howl Bitmap #cards 512 size 80 coarsen threshold 460 Card regions per heap region 1 cards per card region 4096

Heap:
 garbage-first heap   total 0K, used 0K [0x000000070ae00000, 0x0000000800000000)
  region size 2048K, 0 young (0K), 0 survivors (0K)

[error occurred during error reporting (printing heap information), id 0xc0000005, EXCEPTION_ACCESS_VIOLATION (0xc0000005) at pc=0x00007ffc8de96959]

GC Heap History (0 events):
No events

Dll operation events (1 events):
Event: 0.007 Loaded shared library e:\Users\petrov_fv\.jdks\openjdk-19.0.1\bin\java.dll

Deoptimization events (0 events):
No events

Classes loaded (0 events):
No events

Classes unloaded (0 events):
No events

Classes redefined (0 events):
No events

Internal exceptions (0 events):
No events

VM Operations (0 events):
No events

Events (0 events):
No events


Dynamic libraries:
0x00007ff679740000 - 0x00007ff67974e000 	e:\Users\petrov_fv\.jdks\openjdk-19.0.1\bin\java.exe
0x00007ffcc7d90000 - 0x00007ffcc7f85000 	C:\Windows\SYSTEM32\ntdll.dll
0x00007ffcc5e90000 - 0x00007ffcc5f4d000 	C:\Windows\System32\KERNEL32.DLL
0x00007ffcc5680000 - 0x00007ffcc5949000 	C:\Windows\System32\KERNELBASE.dll
0x00007ffcc5550000 - 0x00007ffcc5650000 	C:\Windows\System32\ucrtbase.dll
0x00007ffcc1d80000 - 0x00007ffcc1d9b000 	e:\Users\petrov_fv\.jdks\openjdk-19.0.1\bin\VCRUNTIME140.dll
0x00007ffcc4e60000 - 0x00007ffcc4e77000 	e:\Users\petrov_fv\.jdks\openjdk-19.0.1\bin\jli.dll
0x00007ffcc6eb0000 - 0x00007ffcc7050000 	C:\Windows\System32\USER32.dll
0x00007ffcc5650000 - 0x00007ffcc5672000 	C:\Windows\System32\win32u.dll
0x00007ffcc4890000 - 0x00007ffcc4b2a000 	C:\Windows\WinSxS\amd64_microsoft.windows.common-controls_6595b64144ccf1df_6.0.19041.1052_none_60b8f8fd71f5e8cb\COMCTL32.dll
0x00007ffcc5f60000 - 0x00007ffcc5f8a000 	C:\Windows\System32\GDI32.dll
0x00007ffcc59e0000 - 0x00007ffcc5aeb000 	C:\Windows\System32\gdi32full.dll
0x00007ffcc6560000 - 0x00007ffcc65fe000 	C:\Windows\System32\msvcrt.dll
0x00007ffcc5ba0000 - 0x00007ffcc5c3d000 	C:\Windows\System32\msvcp_win.dll
0x00007ffcc7cf0000 - 0x00007ffcc7d20000 	C:\Windows\System32\IMM32.DLL
0x00007ffcc4e30000 - 0x00007ffcc4e3c000 	e:\Users\petrov_fv\.jdks\openjdk-19.0.1\bin\vcruntime140_1.dll
0x00007ffcc1cf0000 - 0x00007ffcc1d7e000 	e:\Users\petrov_fv\.jdks\openjdk-19.0.1\bin\msvcp140.dll
0x00007ffc8d750000 - 0x00007ffc8e410000 	e:\Users\petrov_fv\.jdks\openjdk-19.0.1\bin\server\jvm.dll
0x00007ffcc5dd0000 - 0x00007ffcc5e7c000 	C:\Windows\System32\ADVAPI32.dll
0x00007ffcc5f90000 - 0x00007ffcc602b000 	C:\Windows\System32\sechost.dll
0x00007ffcc7050000 - 0x00007ffcc717a000 	C:\Windows\System32\RPCRT4.dll
0x00007ffcb7a70000 - 0x00007ffcb7a97000 	C:\Windows\SYSTEM32\WINMM.dll
0x00007ffca5910000 - 0x00007ffca5919000 	C:\Windows\SYSTEM32\WSOCK32.dll
0x00007ffcc29f0000 - 0x00007ffcc29fa000 	C:\Windows\SYSTEM32\VERSION.dll
0x00007ffcc64e0000 - 0x00007ffcc654b000 	C:\Windows\System32\WS2_32.dll
0x00007ffcc3600000 - 0x00007ffcc3612000 	C:\Windows\SYSTEM32\kernel.appcore.dll
0x00007ffcc1ce0000 - 0x00007ffcc1cea000 	e:\Users\petrov_fv\.jdks\openjdk-19.0.1\bin\jimage.dll
0x00007ffcc4eb0000 - 0x00007ffcc5094000 	C:\Windows\SYSTEM32\DBGHELP.DLL
0x00007ffcc4e00000 - 0x00007ffcc4e2c000 	C:\Windows\SYSTEM32\dbgcore.DLL
0x00007ffcc5950000 - 0x00007ffcc59d3000 	C:\Windows\System32\bcryptPrimitives.dll
0x00007ffcc4e50000 - 0x00007ffcc4e5e000 	e:\Users\petrov_fv\.jdks\openjdk-19.0.1\bin\instrument.dll
0x00007ffcbe4e0000 - 0x00007ffcbe506000 	e:\Users\petrov_fv\.jdks\openjdk-19.0.1\bin\java.dll

dbghelp: loaded successfully - version: 4.0.5 - missing functions: none
symbol engine: initialized successfully - sym options: 0x614 - pdb path: .;e:\Users\petrov_fv\.jdks\openjdk-19.0.1\bin;C:\Windows\SYSTEM32;C:\Windows\WinSxS\amd64_microsoft.windows.common-controls_6595b64144ccf1df_6.0.19041.1052_none_60b8f8fd71f5e8cb;e:\Users\petrov_fv\.jdks\openjdk-19.0.1\bin\server

VM Arguments:
jvm_args: -ea -Didea.test.cyclic.buffer.size=1048576 -javaagent:E:\Users\petrov_fv\AppData\Local\JetBrains\IntelliJ IDEA 2022.3.1\lib\idea_rt.jar=59146:E:\Users\petrov_fv\AppData\Local\JetBrains\IntelliJ IDEA 2022.3.1\bin -Dfile.encoding=UTF-8 -Dsun.stdout.encoding=UTF-8 -Dsun.stderr.encoding=UTF-8 
java_command: com.intellij.rt.junit.JUnitStarter -ideVersion5 -junit4 Sonalake.SonalakeTest,checkFirstCalculationTest
java_class_path (initial): E:\Users\petrov_fv\AppData\Local\JetBrains\IntelliJ IDEA 2022.3.1\lib\idea_rt.jar;E:\Users\petrov_fv\AppData\Local\JetBrains\IntelliJ IDEA 2022.3.1\plugins\junit\lib\junit5-rt.jar;E:\Users\petrov_fv\AppData\Local\JetBrains\IntelliJ IDEA 2022.3.1\plugins\junit\lib\junit-rt.jar;E:\Users\petrov_fv\Idea\SonalakeAutotestProject2\SonalakeAutotestProject2\target\test-classes;E:\Users\petrov_fv\Idea\SonalakeAutotestProject2\SonalakeAutotestProject2\target\classes;E:\Users\petrov_fv\.m2\repository\org\seleniumhq\selenium\selenium-java\4.7.2\selenium-java-4.7.2.jar;E:\Users\petrov_fv\.m2\repository\org\seleniumhq\selenium\selenium-devtools-v106\4.7.2\selenium-devtools-v106-4.7.2.jar;E:\Users\petrov_fv\.m2\repository\org\seleniumhq\selenium\selenium-devtools-v107\4.7.2\selenium-devtools-v107-4.7.2.jar;E:\Users\petrov_fv\.m2\repository\org\seleniumhq\selenium\selenium-devtools-v108\4.7.2\selenium-devtools-v108-4.7.2.jar;E:\Users\petrov_fv\.m2\repository\org\seleniumhq\selenium\selenium-devtools-v85\4.7.2\selenium-devtools-v85-4.7.2.jar;E:\Users\petrov_fv\.m2\repository\org\seleniumhq\selenium\selenium-edge-driver\4.7.2\selenium-edge-driver-4.7.2.jar;E:\Users\petrov_fv\.m2\repository\org\seleniumhq\selenium\selenium-firefox-driver\4.7.2\selenium-firefox-driver-4.7.2.jar;E:\Users\petrov_fv\.m2\repository\org\seleniumhq\selenium\selenium-http\4.7.2\selenium-http-4.7.2.jar;E:\Users\petrov_fv\.m2\repository\dev\failsafe\failsafe\3.3.0\failsafe-3.3.0.jar;E:\Users\petrov_fv\.m2\repository\org\seleniumhq\selenium\selenium-ie-driver\4.7.2\selenium-ie-driver-4.7.2.jar;E:\Users\petrov_fv\.m2\repository\org\seleniumhq\selenium\selenium-remote-driver\4.7.2\selenium-remote-driver-4.7.2.jar;E:\Users\petrov_fv\.m2\repository\com\beust\jcommander\1.82\jcommander-1.82.jar;E:\Users\petrov_fv\.m2\repository\io\netty\netty-buffer\4.1.84.Final\netty-buffer-4.1.84.Final.jar;E:\Users\petrov_fv\.m2\repository\io\netty\netty-codec-http\4.1.84.Final\netty-codec-http-4.1.84.Final.jar;E:\Users\petrov_fv\.m2\repository\io\netty\netty-codec\4.1.84.Final\netty-codec-4.1.84.Final.jar;E:\Users\petrov_fv\.m2\repository\io\netty\netty-handler\4.1.84.Final\netty-handler-4.1.84.Final.jar;E:\Users\petrov_fv\.m2\repository\io\netty\netty-common\4.1.84.Final\netty-common-4.1.84.Final.jar;E:\Users\petrov_fv\.m2\repository\io\netty\netty-transport-classes-epoll\4.1.84.Final\netty-transport-classes-epoll-4.1.84.Final.jar;E:\Users\petrov_fv\.m2\repository\io\netty\netty-transport-classes-kqueue\4.1.84.Final\netty-transport-classes-kqueue-4.1.84.Final.jar;E:\Users\petrov_fv\.m2\repository\io\netty\netty-transport-native-epoll\4.1.84.Final\netty-transport-native-epoll-4.1.84.Final.jar;E:\Users\petrov_fv\.m2\repository\io\netty\netty-transport-native-kqueue\4.1.84.Final\netty-transport-native-kqueue-4.1.84.Final.jar;E:\Users\petrov_fv\.m2\repository\io\netty\netty-transport-native-unix-common\4.1.84.Final\netty-transport-native-unix-common-4.1.84.Final.jar;E:\Users\petrov_fv\.m2\repository\io\netty\netty-transport\4.1.84.Final\netty-transport-4.1.84.Final.jar;E:\Users\petrov_fv\.m2\repository\io\netty\netty-resolver\4.1.84.Final\netty-resolver-4.1.84.Final.jar;E:\Users\petrov_fv\.m2\repository\io\opentelemetry\opentelemetry-api\1.19.0\opentelemetry-api-1.19.0.jar;E:\Users\petrov_fv\.m2\repository\io\opentelemetry\opentelemetry-context\1.19.0\opentelemetry-context-1.19.0.jar;E:\Users\petrov_fv\.m2\repository\io\opentelemetry\opentelemetry-exporter-logging\1.19.0\opentelemetry-exporter-logging-1.19.0.jar;E:\Users\petrov_fv\.m2\repository\io\opentelemetry\opentelemetry-sdk-metrics\1.19.0\opentelemetry-sdk-metrics-1.19.0.jar;E:\Users\petrov_fv\.m2\repository\io\opentelemetry\opentelemetry-sdk-logs\1.19.0-alpha\opentelemetry-sdk-logs-1.19.0-alpha.jar;E:\Users\petrov_fv\.m2\repository\io\opentelemetry\opentelemetry-api-logs\1.19.0-alpha\opentelemetry-api-logs-1.19.0-alpha.jar;E:\Users\petrov_fv\.m2\repository\io\opentelemetry\opentelemetry-sdk-common\1.19.0\opentelemetry-sdk-common-1.19.0.jar;E:\Users\petrov_fv\.m2\repository\io\opentelemetry\opentelemetry-sdk-extension-autoconfigure-spi\1.19.0\opentelemetry-sdk-extension-autoconfigure-spi-1.19.0.jar;E:\Users\petrov_fv\.m2\repository\io\opentelemetry\opentelemetry-sdk-extension-autoconfigure\1.19.0-alpha\opentelemetry-sdk-extension-autoconfigure-1.19.0-alpha.jar;E:\Users\petrov_fv\.m2\repository\io\opentelemetry\opentelemetry-exporter-common\1.19.0\opentelemetry-exporter-common-1.19.0.jar;E:\Users\petrov_fv\.m2\repository\io\opentelemetry\opentelemetry-sdk-trace\1.19.0\opentelemetry-sdk-trace-1.19.0.jar;E:\Users\petrov_fv\.m2\repository\io\opentelemetry\opentelemetry-sdk\1.19.0\opentelemetry-sdk-1.19.0.jar;E:\Users\petrov_fv\.m2\repository\io\opentelemetry\opentelemetry-semconv\1.19.0-alpha\opentelemetry-semconv-1.19.0-alpha.jar;E:\Users\petrov_fv\.m2\repository\io\ous\jtoml\2.0.0\jtoml-2.0.0.jar;E:\Users\petrov_fv\.m2\repository\net\bytebuddy\byte-buddy\1.12.18\byte-buddy-1.12.18.jar;E:\Users\petrov_fv\.m2\repository\org\apache\commons\commons-exec\1.3\commons-exec-1.3.jar;E:\Users\petrov_fv\.m2\repository\org\asynchttpclient\async-http-client\2.12.3\async-http-client-2.12.3.jar;E:\Users\petrov_fv\.m2\repository\org\asynchttpclient\async-http-client-netty-utils\2.12.3\async-http-client-netty-utils-2.12.3.jar;E:\Users\petrov_fv\.m2\repository\io\netty\netty-codec-socks\4.1.60.Final\netty-codec-socks-4.1.60.Final.jar;E:\Users\petrov_fv\.m2\repository\io\netty\netty-handler-proxy\4.1.60.Final\netty-handler-proxy-4.1.60.Final.jar;E:\Users\petrov_fv\.m2\repository\io\netty\netty-transport-native-epoll\4.1.60.Final\netty-transport-native-epoll-4.1.60.Final-linux-x86_64.jar;E:\Users\petrov_fv\.m2\repository\io\netty\netty-transport-native-kqueue\4.1.60.Final\netty-transport-native-kqueue-4.1.60.Final-osx-x86_64.jar;E:\Users\petrov_fv\.m2\repository\org\reactivestreams\reactive-streams\1.0.3\reactive-streams-1.0.3.jar;E:\Users\petrov_fv\.m2\repository\com\typesafe\netty\netty-reactive-streams\2.0.4\netty-reactive-streams-2.0.4.jar;E:\Users\petrov_fv\.m2\repository\com\sun\activation\jakarta.activation\1.2.2\jakarta.activation-1.2.2.jar;E:\Users\petrov_fv\.m2\repository\org\seleniumhq\selenium\selenium-manager\4.7.2\selenium-manager-4.7.2.jar;E:\Users\petrov_fv\.m2\repository\org\seleniumhq\selenium\selenium-safari-driver\4.7.2\selenium-safari-driver-4.7.2.jar;E:\Users\petrov_fv\.m2\repository\org\seleniumhq\selenium\selenium-support\4.7.2\selenium-support-4.7.2.jar;E:\Users\petrov_fv\.m2\repository\com\typesafe\config\1.4.2\config-1.4.2.jar;E:\Users\petrov_fv\.m2\repository\org\seleniumhq\selenium\selenium-chrome-driver\4.7.2\selenium-chrome-driver-4.7.2.jar;E:\Users\petrov_fv\.m2\repository\com\google\auto\service\auto-service-annotations\1.0.1\auto-service-annotations-1.0.1.jar;E:\Users\petrov_fv\.m2\repository\com\google\auto\service\auto-service\1.0.1\auto-service-1.0.1.jar;E:\Users\petrov_fv\.m2\repository\com\google\auto\auto-common\1.2\auto-common-1.2.jar;E:\Users\petrov_fv\.m2\repository\com\google\guava\guava\31.1-jre\guava-31.1-jre.jar;E:\Users\petrov_fv\.m2\repository\com\google\guava\failureaccess\1.0.1\failureaccess-1.0.1.jar;E:\Users\petrov_fv\.m2\repository\com\google\guava\listenablefuture\9999.0-empty-to-avoid-conflict-with-guava\listenablefuture-9999.0-empty-to-avoid-conflict-with-guava.jar;E:\Users\petrov_fv\.m2\repository\com\google\code\findbugs\jsr305\3.0.2\jsr305-3.0.2.jar;E:\Users\petrov_fv\.m2\repository\org\checkerframework\checker-qual\3.12.0\checker-qual-3.12.0.jar;E:\Users\petrov_fv\.m2\repository\com\google\errorprone\error_prone_annotations\2.11.0\error_prone_annotations-2.11.0.jar;E:\Users\petrov_fv\.m2\repository\com\google\j2objc\j2objc-annotations\1.3\j2objc-annotations-1.3.jar;E:\Users\petrov_fv\.m2\repository\org\seleniumhq\selenium\selenium-chromium-driver\4.7.2\selenium-chromium-driver-4.7.2.jar;E:\Users\petrov_fv\.m2\repository\org\seleniumhq\selenium\selenium-json\4.7.2\selenium-json-4.7.2.jar;E:\Users\petrov_fv\.m2\repository\com\codeborne\selenide\6.11.0\selenide-6.11.0.jar;E:\Users\petrov_fv\.m2\repository\org\slf4j\slf4j-api\2.0.6\slf4j-api-2.0.6.jar;E:\Users\petrov_fv\.m2\repository\com\codeborne\selenide-core\6.11.0\selenide-core-6.11.0.jar;E:\Users\petrov_fv\.m2\repository\org\opentest4j\opentest4j\1.2.0\opentest4j-1.2.0.jar;E:\Users\petrov_fv\.m2\repository\org\apache\commons\commons-compress\1.22\commons-compress-1.22.jar;E:\Users\petrov_fv\.m2\repository\org\apache\commons\commons-lang3\3.12.0\commons-lang3-3.12.0.jar;E:\Users\petrov_fv\.m2\repository\commons-io\commons-io\2.11.0\commons-io-2.11.0.jar;E:\Users\petrov_fv\.m2\repository\io\github\bonigarcia\webdrivermanager\5.3.1\webdrivermanager-5.3.1.jar;E:\Users\petrov_fv\.m2\repository\com\google\code\gson\gson\2.10\gson-2.10.jar;E:\Users\petrov_fv\.m2\repository\com\github\docker-java\docker-java\3.2.13\docker-java-3.2.13.jar;E:\Users\petrov_fv\.m2\repository\com\github\docker-java\docker-java-core\3.2.13\docker-java-core-3.2.13.jar;E:\Users\petrov_fv\.m2\repository\com\github\docker-java\docker-java-api\3.2.13\docker-java-api-3.2.13.jar;E:\Users\petrov_fv\.m2\repository\com\fasterxml\jackson\core\jackson-annotations\2.10.3\jackson-annotations-2.10.3.jar;E:\Users\petrov_fv\.m2\repository\com\fasterxml\jackson\core\jackson-databind\2.10.3\jackson-databind-2.10.3.jar;E:\Users\petrov_fv\.m2\repository\com\fasterxml\jackson\core\jackson-core\2.10.3\jackson-core-2.10.3.jar;E:\Users\petrov_fv\.m2\repository\org\bouncycastle\bcpkix-jdk15on\1.64\bcpkix-jdk15on-1.64.jar;E:\Users\petrov_fv\.m2\repository\org\bouncycastle\bcprov-jdk15on\1.64\bcprov-jdk15on-1.64.jar;E:\Users\petrov_fv\.m2\repository\org\slf4j\jcl-over-slf4j\1.7.30\jcl-over-slf4j-1.7.30.jar;E:\Users\petrov_fv\.m2\repository\com\github\docker-java\docker-java-transport-httpclient5\3.2.13\docker-java-transport-httpclient5-3.2.13.jar;E:\Users\petrov_fv\.m2\repository\com\github\docker-java\docker-java-transport\3.2.13\docker-java-transport-3.2.13.jar;E:\Users\petrov_fv\.m2\repository\net\java\dev\jna\jna\5.8.0\jna-5.8.0.jar;E:\Users\petrov_fv\.m2\repository\org\brotli\dec\0.1.2\dec-0.1.2.jar;E:\Users\petrov_fv\.m2\repository\org\apache\httpcomponents\client5\httpclient5\5.1.3\httpclient5-5.1.3.jar;E:\Users\petrov_fv\.m2\repository\org\apache\httpcomponents\core5\httpcore5\5.1.3\httpcore5-5.1.3.jar;E:\Users\petrov_fv\.m2\repository\org\apache\httpcomponents\core5\httpcore5-h2\5.1.3\httpcore5-h2-5.1.3.jar;E:\Users\petrov_fv\.m2\repository\commons-codec\commons-codec\1.15\commons-codec-1.15.jar;E:\Users\petrov_fv\.m2\repository\org\seleniumhq\selenium\selenium-api\4.7.2\selenium-api-4.7.2.jar;E:\Users\petrov_fv\.m2\repository\junit\junit\4.13.2\junit-4.13.2.jar;E:\Users\petrov_fv\.m2\repository\org\hamcrest\hamcrest-core\1.3\hamcrest-core-1.3.jar;E:\Users\petrov_fv\.m2\repository\ru\sbtqa\webdrivermanager\2.2.3\webdrivermanager-2.2.3.jar;E:\Users\petrov_fv\.m2\repository\org\slf4j\slf4j-log4j12\1.7.25\slf4j-log4j12-1.7.25.jar;E:\Users\petrov_fv\.m2\repository\log4j\log4j\1.2.17\log4j-1.2.17.jar;E:\Users\petrov_fv\.m2\repository\org\apache\httpcomponents\httpclient\4.5.3\httpclient-4.5.3.jar;E:\Users\petrov_fv\.m2\repository\org\apache\httpcomponents\httpcore\4.4.6\httpcore-4.4.6.jar;E:\Users\petrov_fv\.m2\repository\commons-logging\commons-logging\1.2\commons-logging-1.2.jar;E:\Users\petrov_fv\.m2\repository\org\rauschig\jarchivelib\0.7.1\jarchivelib-0.7.1.jar;E:\Users\petrov_fv\.m2\repository\org\jsoup\jsoup\1.10.2\jsoup-1.10.2.jar
Launcher Type: SUN_STANDARD

[Global flags]
     intx CICompilerCount                          = 12                                        {product} {ergonomic}
     uint ConcGCThreads                            = 3                                         {product} {ergonomic}
     uint G1ConcRefinementThreads                  = 13                                        {product} {ergonomic}
   size_t G1HeapRegionSize                         = 2097152                                   {product} {ergonomic}
    uintx GCDrainStackTargetSize                   = 64                                        {product} {ergonomic}
   size_t InitialHeapSize                          = 257949696                                 {product} {ergonomic}
   size_t MarkStackSize                            = 4194304                                   {product} {ergonomic}
   size_t MaxHeapSize                              = 4112515072                                {product} {ergonomic}
   size_t MinHeapDeltaBytes                        = 2097152                                   {product} {ergonomic}
   size_t MinHeapSize                              = 8388608                                   {product} {ergonomic}
    uintx NonNMethodCodeHeapSize                   = 7602480                                {pd product} {ergonomic}
    uintx NonProfiledCodeHeapSize                  = 122027880                              {pd product} {ergonomic}
    uintx ProfiledCodeHeapSize                     = 122027880                              {pd product} {ergonomic}
    uintx ReservedCodeCacheSize                    = 251658240                              {pd product} {ergonomic}
     bool SegmentedCodeCache                       = true                                      {product} {ergonomic}
   size_t SoftMaxHeapSize                          = 4112515072                             {manageable} {ergonomic}
     bool UseCompressedClassPointers               = true                           {product lp64_product} {ergonomic}
     bool UseCompressedOops                        = true                           {product lp64_product} {ergonomic}
     bool UseG1GC                                  = true                                      {product} {ergonomic}
     bool UseLargePagesIndividualAllocation        = false                                  {pd product} {ergonomic}

Logging:
Log output configuration:
 #0: stdout all=warning uptime,level,tags foldmultilines=false
 #1: stderr all=off uptime,level,tags foldmultilines=false

Environment Variables:
PATH=C:\Program Files (x86)\Python39-32\Scripts\;C:\Program Files (x86)\Python39-32\;C:\Program Files\Python310\Scripts\;C:\Program Files\Python310\;E:\Python376\Scripts\;E:\Python376\;C:\Program Files\Python39\Scripts\;C:\Program Files\Python39\;E:\Informatica\10.5\clients\tools\datadirect;C:\ProgramData\DockerDesktop\version-bin;C:\Program Files\Docker\Docker\Resources\bin;C:\Informatica\10.2.0\clients\tools\datadirect;C:\Program Files\Teradata\Client\16.20\bin;C:\Program Files (x86)\Teradata\Client\16.20\bin;C:\Program Files (x86)\Common Files\Oracle\Java\javapath;e:\Oracle\Client;C:\Windows\system32;C:\Windows;C:\Windows\System32\Wbem;C:\Windows\System32\WindowsPowerShell\v1.0\;C:\Windows\System32\OpenSSH\;C:\Program Files (x86)\Kaspersky Lab\Kaspersky Endpoint Security for Windows\;C:\Program Files\PuTTY\;C:\Program Files\TortoiseSVN\bin;C:\Program Files\TortoiseGit\bin;C:\Program Files\Git\cmd;e:\Users\petrov_fv\AppData\Local\Microsoft\WindowsApps;e:\Users\petrov_fv\AppData\Local\JetBrains\PyCharm Community Edition 2018.3.7\bin;;e:\Users\petrov_fv\AppData\Local\Programs\Python\Python38-32;e:\Users\petrov_fv\AppData\Local\Programs\Git\cmd;e:\Users\petrov_fv\AppData\Local\JetBrains\IntelliJ IDEA 2022.3.1\bin;
USERNAME=petrov_fv
OS=Windows_NT
PROCESSOR_IDENTIFIER=AMD64 Family 25 Model 80 Stepping 0, AuthenticAMD
TMP=e:\Users\petrov_fv\AppData\Local\Temp
TEMP=e:\Users\petrov_fv\AppData\Local\Temp



---------------  S Y S T E M  ---------------

OS:
 Windows 10 , 64 bit Build 19041 (10.0.19041.1023)
OS uptime: 0 days 5:30 hours

CPU: total 16 (initial active 16) (16 cores per cpu, 2 threads per core) family 25 model 80 stepping 0 microcode 0x0, cx8, cmov, fxsr, ht, mmx, 3dnowpref, sse, sse2, sse3, ssse3, sse4a, sse4.1, sse4.2, popcnt, lzcnt, tsc, tscinvbit, avx, avx2, aes, erms, clmul, bmi1, bmi2, adx, sha, fma, vzeroupper, clflush, clflushopt, rdtscp, rdpid, fsrm

Memory: 4k page, system-wide physical 15681M (2176M free)
TotalPageFile size 17729M (AvailPageFile size 129M)
current process WorkingSet (physical memory assigned to process): 11M, peak: 11M
current process commit charge ("private bytes"): 71M, peak: 316M

vm_info: OpenJDK 64-Bit Server VM (19.0.1+10-21) for windows-amd64 JRE (19.0.1+10-21), built on 2022-09-14T12:45:06Z by "mach5one" with MS VC++ 17.1 (VS2022)

END.
